  Entity.cpp
  Game.cpp
C:\Users\Alex Haurin\source\repos\Chess\Chess\Piece.h(29,86): warning C4244: 'argument': conversion from 'double' to 'T', possible loss of data
          with
          [
              T=float
          ]
C:\Users\Alex Haurin\source\repos\Chess\Chess\Piece.h(29,58): warning C4244: 'argument': conversion from 'double' to 'T', possible loss of data
          with
          [
              T=float
          ]
C:\Users\Alex Haurin\source\repos\Chess\Chess\Game.cpp(73,79): warning C4244: 'argument': conversion from 'unsigned int' to 'T', possible loss of data
          with
          [
              T=float
          ]
C:\Users\Alex Haurin\source\repos\Chess\Chess\Game.cpp(73,61): warning C4244: 'argument': conversion from 'unsigned int' to 'T', possible loss of data
          with
          [
              T=float
          ]
C:\Users\Alex Haurin\source\repos\Chess\Chess\Game.cpp(173,87): warning C4244: 'argument': conversion from 'int' to 'float', possible loss of data
  Main.cpp
C:\Users\Alex Haurin\source\repos\Chess\Chess\Piece.h(29,86): warning C4244: 'argument': conversion from 'double' to 'T', possible loss of data
          with
          [
              T=float
          ]
C:\Users\Alex Haurin\source\repos\Chess\Chess\Piece.h(29,58): warning C4244: 'argument': conversion from 'double' to 'T', possible loss of data
          with
          [
              T=float
          ]
  Piece.cpp
C:\Users\Alex Haurin\source\repos\Chess\Chess\Piece.h(29,86): warning C4244: 'argument': conversion from 'double' to 'T', possible loss of data
          with
          [
              T=float
          ]
C:\Users\Alex Haurin\source\repos\Chess\Chess\Piece.h(29,58): warning C4244: 'argument': conversion from 'double' to 'T', possible loss of data
          with
          [
              T=float
          ]
  Snake.cpp
C:\Users\Alex Haurin\source\repos\Chess\Chess\Piece.h(29,86): warning C4244: 'argument': conversion from 'double' to 'T', possible loss of data
          with
          [
              T=float
          ]
C:\Users\Alex Haurin\source\repos\Chess\Chess\Piece.h(29,58): warning C4244: 'argument': conversion from 'double' to 'T', possible loss of data
          with
          [
              T=float
          ]
C:\Users\Alex Haurin\source\repos\Chess\Chess\Snake.cpp(12,10): error C2352: 'Entity::Initialize': illegal call of non-static member function
C:\Users\Alex Haurin\source\repos\Chess\Chess\Entity.h(13): message : see declaration of 'Entity::Initialize'
C:\Users\Alex Haurin\source\repos\Chess\Chess\Snake.cpp(20,10): error C2352: 'Entity::Destroy': illegal call of non-static member function
C:\Users\Alex Haurin\source\repos\Chess\Chess\Entity.h(14): message : see declaration of 'Entity::Destroy'
  VectorMath.cpp
  Generating Code...
